<?xml version="1.0" encoding="UTF-8"?>
<testng-results skipped="0" failed="0" total="0" passed="0">
  <reporter-output>
  </reporter-output>
  <suite name="ml_cucumber_selenium_jvm_assessment.AppTest" duration-ms="3" started-at="2019-02-17T08:58:27Z" finished-at="2019-02-17T08:58:27Z">
    <groups>
    </groups>
    <test name="Command line test" duration-ms="3" started-at="2019-02-17T08:58:27Z" finished-at="2019-02-17T08:58:27Z">
    </test> <!-- Command line test -->
  </suite> <!-- ml_cucumber_selenium_jvm_assessment.AppTest -->
</testng-results>
